Running in no-clean mode.  Mistakes will not be cleaned up.
The files belonging to this database system will be owned by user "victorlzfr".
This user must also own the server process.

The database cluster will be initialized with this locale configuration:
  locale provider:   libc
  LC_COLLATE:  C.UTF-8
  LC_CTYPE:    C.UTF-8
  LC_MESSAGES: C
  LC_MONETARY: C.UTF-8
  LC_NUMERIC:  C.UTF-8
  LC_TIME:     C.UTF-8
The default database encoding has accordingly been set to "UTF8".
The default text search configuration will be set to "english".

Data page checksums are enabled.

creating directory /home/victorlzfr/postgresql-install/tmp_install/initdb-template ... ok
creating subdirectories ... ok
selecting dynamic shared memory implementation ... posix
selecting default "max_connections" ... 100
selecting default "shared_buffers" ... 128MB
selecting default time zone ... America/Sao_Paulo
creating configuration files ... ok
running bootstrap script ... ok
performing post-bootstrap initialization ... ok

Sync to disk skipped.
The data directory might become corrupt if the operating system crashes.
